This is pdfTeX, Version 3.14159265-2.6-1.40.19 (MiKTeX 2.9.6730 64-bit) (preloaded format=pdflatex 2018.8.22)  24 OCT 2018 11:10
entering extended mode
**./document.tex
(document.tex
LaTeX2e <2018-04-01> patch level 5

("C:\Users\Lucas Queiroz\AppData\Local\Programs\MiKTeX 2.9\tex\latex\base\repor
t.cls"
Document Class: report 2014/09/29 v1.4h Standard LaTeX document class

("C:\Users\Lucas Queiroz\AppData\Local\Programs\MiKTeX 2.9\tex\latex\base\size1
0.clo"
File: size10.clo 2014/09/29 v1.4h Standard LaTeX file (size option)
)
\c@part=\count80
\c@chapter=\count81
\c@section=\count82
\c@subsection=\count83
\c@subsubsection=\count84
\c@paragraph=\count85
\c@subparagraph=\count86
\c@figure=\count87
\c@table=\count88
\abovecaptionskip=\skip41
\belowcaptionskip=\skip42
\bibindent=\dimen102
)
("C:\Users\Lucas Queiroz\AppData\Local\Programs\MiKTeX 2.9\tex\generic\babel\ba
bel.sty"
Package: babel 2018/06/05 3.22 The Babel package

("C:\Users\Lucas Queiroz\AppData\Local\Programs\MiKTeX 2.9\tex\generic\babel\sw
itch.def"
File: switch.def 2018/06/05 3.22 Babel switching mechanism
)
*************************************
* Local config file bblopts.cfg used
*

("C:\Users\Lucas Queiroz\AppData\Local\Programs\MiKTeX 2.9\tex\latex\arabi\bblo
pts.cfg"
File: bblopts.cfg 2005/09/08 v0.1 add Arabic and Farsi to "declared" options of
 babel
)
("C:\Users\Lucas Queiroz\AppData\Local\Programs\MiKTeX 2.9\tex\latex\babel-port
uges\portuges.ldf"
Language: portuges 2008/03/18 v1.2q Portuguese support from the babel system

("C:\Users\Lucas Queiroz\AppData\Local\Programs\MiKTeX 2.9\tex\generic\babel\ba
bel.def"
File: babel.def 2018/06/05 3.22 Babel common definitions
\babel@savecnt=\count89
\U@D=\dimen103

("C:\Users\Lucas Queiroz\AppData\Local\Programs\MiKTeX 2.9\tex\generic\babel\tx
tbabel.def")
\bbl@dirlevel=\count90
)
\l@brazil = a dialect from \language\l@portuges 
Package babel Info: Making " an active character on input line 145.
)) (document.aux)
\openout1 = `document.aux'.

LaTeX Font Info:    Checking defaults for OML/cmm/m/it on input line 7.
LaTeX Font Info:    ... okay on input line 7.
LaTeX Font Info:    Checking defaults for T1/cmr/m/n on input line 7.
LaTeX Font Info:    ... okay on input line 7.
LaTeX Font Info:    Checking defaults for OT1/cmr/m/n on input line 7.
LaTeX Font Info:    ... okay on input line 7.
LaTeX Font Info:    Checking defaults for OMS/cmsy/m/n on input line 7.
LaTeX Font Info:    ... okay on input line 7.
LaTeX Font Info:    Checking defaults for OMX/cmex/m/n on input line 7.
LaTeX Font Info:    ... okay on input line 7.
LaTeX Font Info:    Checking defaults for U/cmr/m/n on input line 7.
LaTeX Font Info:    ... okay on input line 7.
 [1

{C:/Users/Lucas Queiroz/AppData/Local/MiKTeX/2.9/pdftex/config/pdftex.map}] (do
cument.aux) ) 
Here is how much of TeX's memory you used:
 766 strings out of 492973
 10323 string characters out of 3123146
 77471 words of memory out of 3000000
 4703 multiletter control sequences out of 15000+200000
 3640 words of font info for 14 fonts, out of 3000000 for 9000
 1141 hyphenation exceptions out of 8191
 23i,4n,23p,179b,109s stack positions out of 5000i,500n,10000p,200000b,50000s
<C:/Users/Lucas Queiroz/AppData/Local/Programs/MiKTeX 2.9/fonts/ty
pe1/public/amsfonts/cm/cmr10.pfb>
Output written on document.pdf (1 page, 12648 bytes).
PDF statistics:
 10 PDF objects out of 1000 (max. 8388607)
 0 named destinations out of 1000 (max. 500000)
 1 words of extra memory for PDF output out of 10000 (max. 10000000)

